2015-06-15T14:13:28.472867+00:00 heroku[api]: Scale to web=1 by ospi89@hotmail.com
2015-06-15T14:13:28.524747+00:00 heroku[api]: Deploy 4e415bb by ospi89@hotmail.com
2015-06-15T14:13:28.524747+00:00 heroku[api]: Release v3 created by ospi89@hotmail.com
2015-06-15T14:13:28.585918+00:00 heroku[slug-compiler]: Slug compilation started
2015-06-15T14:13:28.585938+00:00 heroku[slug-compiler]: Slug compilation finished
2015-06-15T14:13:32.434332+00:00 heroku[web.1]: Starting process with command `node ./bin/wwww`
2015-06-15T14:13:35.356955+00:00 app[web.1]: Detected 512 MB available memory, 512 MB limit per process (WEB_MEMORY)
2015-06-15T14:13:35.356970+00:00 app[web.1]: Recommending WEB_CONCURRENCY=1
2015-06-15T14:13:36.162616+00:00 app[web.1]: module.js:338
2015-06-15T14:13:36.162622+00:00 app[web.1]:     throw err;
2015-06-15T14:13:36.162623+00:00 app[web.1]:           ^
2015-06-15T14:13:36.162625+00:00 app[web.1]: Error: Cannot find module '/app/bin/wwww'
2015-06-15T14:13:36.162628+00:00 app[web.1]:     at Function.Module._load (module.js:278:25)
2015-06-15T14:13:36.162627+00:00 app[web.1]:     at Function.Module._resolveFilename (module.js:336:15)
2015-06-15T14:13:36.162629+00:00 app[web.1]:     at Function.Module.runMain (module.js:501:10)
2015-06-15T14:13:36.162631+00:00 app[web.1]:     at startup (node.js:129:16)
2015-06-15T14:13:36.162634+00:00 app[web.1]:     at node.js:814:3
2015-06-15T14:13:37.130249+00:00 heroku[web.1]: Process exited with status 1
2015-06-15T14:13:37.143869+00:00 heroku[web.1]: State changed from starting to crashed
2015-06-15T14:13:37.144983+00:00 heroku[web.1]: State changed from crashed to starting
2015-06-15T14:13:39.782782+00:00 heroku[web.1]: Starting process with command `node ./bin/wwww`
2015-06-15T14:13:42.170296+00:00 app[web.1]: Detected 512 MB available memory, 512 MB limit per process (WEB_MEMORY)
2015-06-15T14:13:42.170371+00:00 app[web.1]: Recommending WEB_CONCURRENCY=1
2015-06-15T14:13:42.512000+00:00 app[web.1]: module.js:338
2015-06-15T14:13:42.512008+00:00 app[web.1]:     throw err;
2015-06-15T14:13:42.512009+00:00 app[web.1]:           ^
2015-06-15T14:13:42.512012+00:00 app[web.1]: Error: Cannot find module '/app/bin/wwww'
2015-06-15T14:13:42.512014+00:00 app[web.1]:     at Function.Module._resolveFilename (module.js:336:15)
2015-06-15T14:13:42.512015+00:00 app[web.1]:     at Function.Module._load (module.js:278:25)
2015-06-15T14:13:42.512016+00:00 app[web.1]:     at Function.Module.runMain (module.js:501:10)
2015-06-15T14:13:42.512018+00:00 app[web.1]:     at startup (node.js:129:16)
2015-06-15T14:13:42.512019+00:00 app[web.1]:     at node.js:814:3
2015-06-15T14:13:43.462705+00:00 heroku[web.1]: State changed from starting to crashed
2015-06-15T14:13:43.452088+00:00 heroku[web.1]: Process exited with status 1
2015-06-15T14:13:45.127390+00:00 heroku[router]: at=error code=H10 desc="App crashed" method=GET path="/favicon.ico" host=quizesdificiles2015.herokuapp.com request_id=0feded7f-9d9b-40d2-85d5-ed5847144683 fwd="161.18.203.126" dyno= connect= service= status=503 bytes=
2015-06-15T14:16:23.849973+00:00 heroku[router]: at=error code=H10 desc="App crashed" method=GET path="/" host=quizesdificiles2015.herokuapp.com request_id=0ab1f952-af28-4d52-a0e4-833bc50aac81 fwd="161.18.203.126" dyno= connect= service= status=503 bytes=
2015-06-15T14:16:33.619562+00:00 heroku[router]: at=error code=H10 desc="App crashed" method=GET path="/" host=quizesdificiles2015.herokuapp.com request_id=f50a9ca9-da96-4666-b761-a9273231c769 fwd="161.18.203.126" dyno= connect= service= status=503 bytes=
2015-06-15T14:16:34.108923+00:00 heroku[router]: at=error code=H10 desc="App crashed" method=GET path="/favicon.ico" host=quizesdificiles2015.herokuapp.com request_id=1488711b-0cd5-4cde-b806-e759e89bb7b6 fwd="161.18.203.126" dyno= connect= service= status=503 bytes=
2015-06-15T14:16:36.705024+00:00 heroku[router]: at=error code=H10 desc="App crashed" method=GET path="/favicon.ico" host=quizesdificiles2015.herokuapp.com request_id=87bf471d-ca14-4662-830b-72be00dd5f33 fwd="161.18.203.126" dyno= connect= service= status=503 bytes=
2015-06-15T14:25:05.313203+00:00 heroku[api]: Deploy 5338b3d by ospi89@hotmail.com
2015-06-15T14:25:05.313203+00:00 heroku[api]: Release v4 created by ospi89@hotmail.com
2015-06-15T14:25:05.373714+00:00 heroku[slug-compiler]: Slug compilation started
2015-06-15T14:25:05.373782+00:00 heroku[slug-compiler]: Slug compilation finished
2015-06-15T14:25:05.599411+00:00 heroku[web.1]: State changed from crashed to starting
2015-06-15T14:25:09.015755+00:00 heroku[web.1]: Starting process with command `node ./bin/wwww`
2015-06-15T14:25:12.388802+00:00 app[web.1]: Detected 512 MB available memory, 512 MB limit per process (WEB_MEMORY)
2015-06-15T14:25:12.388868+00:00 app[web.1]: Recommending WEB_CONCURRENCY=1
2015-06-15T14:25:12.560526+00:00 app[web.1]: 
2015-06-15T14:25:12.581306+00:00 app[web.1]:     throw err;
2015-06-15T14:25:12.590535+00:00 app[web.1]:     at Function.Module._resolveFilename (module.js:338:15)
2015-06-15T14:25:12.590532+00:00 app[web.1]: Error: Cannot find module '/app/bin/wwww'
2015-06-15T14:25:12.590537+00:00 app[web.1]:     at Function.Module._load (module.js:280:25)
2015-06-15T14:25:12.590539+00:00 app[web.1]:     at startup (node.js:119:16)
2015-06-15T14:25:12.590540+00:00 app[web.1]:     at node.js:935:3
2015-06-15T14:25:12.590538+00:00 app[web.1]:     at Function.Module.runMain (module.js:497:10)
2015-06-15T14:25:12.580727+00:00 app[web.1]: module.js:340
2015-06-15T14:25:12.588383+00:00 app[web.1]:           ^
2015-06-15T14:25:13.449208+00:00 heroku[web.1]: Process exited with status 8
2015-06-15T14:25:13.468559+00:00 heroku[web.1]: State changed from starting to crashed
2015-06-15T14:25:13.469186+00:00 heroku[web.1]: State changed from crashed to starting
2015-06-15T14:25:14.922441+00:00 heroku[web.1]: Starting process with command `node ./bin/wwww`
2015-06-15T14:25:16.463158+00:00 app[web.1]: module.js:340
2015-06-15T14:25:16.413511+00:00 app[web.1]: Detected 512 MB available memory, 512 MB limit per process (WEB_MEMORY)
2015-06-15T14:25:16.462805+00:00 app[web.1]: 
2015-06-15T14:25:16.413529+00:00 app[web.1]: Recommending WEB_CONCURRENCY=1
2015-06-15T14:25:16.463390+00:00 app[web.1]:     throw err;
2015-06-15T14:25:16.465068+00:00 app[web.1]:     at Function.Module._resolveFilename (module.js:338:15)
2015-06-15T14:25:16.465065+00:00 app[web.1]: Error: Cannot find module '/app/bin/wwww'
2015-06-15T14:25:16.463401+00:00 app[web.1]:           ^
2015-06-15T14:25:16.465069+00:00 app[web.1]:     at Function.Module._load (module.js:280:25)
2015-06-15T14:25:16.465070+00:00 app[web.1]:     at Function.Module.runMain (module.js:497:10)
2015-06-15T14:25:16.465071+00:00 app[web.1]:     at startup (node.js:119:16)
2015-06-15T14:25:16.465073+00:00 app[web.1]:     at node.js:935:3
2015-06-15T14:25:17.217295+00:00 heroku[web.1]: Process exited with status 8
2015-06-15T14:25:17.258086+00:00 heroku[web.1]: State changed from starting to crashed
2015-06-15T14:25:28.682699+00:00 heroku[slug-compiler]: Slug compilation started
2015-06-15T14:25:28.682725+00:00 heroku[slug-compiler]: Slug compilation finished
2015-06-15T14:25:28.728089+00:00 heroku[web.1]: State changed from crashed to starting
2015-06-15T14:25:28.625666+00:00 heroku[api]: Deploy 5338b3d by ospi89@hotmail.com
2015-06-15T14:25:28.625666+00:00 heroku[api]: Release v5 created by ospi89@hotmail.com
2015-06-15T14:25:30.983964+00:00 heroku[web.1]: Starting process with command `node ./bin/wwww`
2015-06-15T14:25:33.151780+00:00 app[web.1]: module.js:340
2015-06-15T14:25:33.095062+00:00 app[web.1]: Detected 512 MB available memory, 512 MB limit per process (WEB_MEMORY)
2015-06-15T14:25:33.095087+00:00 app[web.1]: Recommending WEB_CONCURRENCY=1
2015-06-15T14:25:33.151427+00:00 app[web.1]: 
2015-06-15T14:25:33.152041+00:00 app[web.1]:     throw err;
2015-06-15T14:25:33.153904+00:00 app[web.1]:     at Function.Module._resolveFilename (module.js:338:15)
2015-06-15T14:25:33.152048+00:00 app[web.1]:           ^
2015-06-15T14:25:33.153902+00:00 app[web.1]: Error: Cannot find module '/app/bin/wwww'
2015-06-15T14:25:33.153906+00:00 app[web.1]:     at Function.Module._load (module.js:280:25)
2015-06-15T14:25:33.153907+00:00 app[web.1]:     at Function.Module.runMain (module.js:497:10)
2015-06-15T14:25:33.153910+00:00 app[web.1]:     at node.js:935:3
2015-06-15T14:25:33.153909+00:00 app[web.1]:     at startup (node.js:119:16)
2015-06-15T14:25:34.017375+00:00 heroku[web.1]: State changed from starting to crashed
2015-06-15T14:25:34.003821+00:00 heroku[web.1]: Process exited with status 8
2015-06-15T14:25:34.902254+00:00 heroku[router]: at=error code=H10 desc="App crashed" method=GET path="/" host=quizesdificiles2015.herokuapp.com request_id=6a1666d6-7ad2-4b66-ab78-16b85973f4a1 fwd="161.18.203.126" dyno= connect= service= status=503 bytes=
2015-06-15T14:25:35.678647+00:00 heroku[router]: at=error code=H10 desc="App crashed" method=GET path="/favicon.ico" host=quizesdificiles2015.herokuapp.com request_id=aba77fe0-d19e-4b63-9ede-998e35904628 fwd="161.18.203.126" dyno= connect= service= status=503 bytes=
2015-06-15T14:28:55.057639+00:00 heroku[router]: at=error code=H10 desc="App crashed" method=GET path="/" host=quizesdificiles2015.herokuapp.com request_id=b7e5149c-141d-42dd-8b6a-8eaef1aea389 fwd="161.18.203.126" dyno= connect= service= status=503 bytes=
2015-06-15T14:28:55.662530+00:00 heroku[router]: at=error code=H10 desc="App crashed" method=GET path="/favicon.ico" host=quizesdificiles2015.herokuapp.com request_id=cafefca9-8aa5-47f6-b88f-7aca5f4442a3 fwd="161.18.203.126" dyno= connect= service= status=503 bytes=
2015-06-15T14:29:29.412365+00:00 heroku[router]: at=error code=H10 desc="App crashed" method=GET path="/" host=quizesdificiles2015.herokuapp.com request_id=d9d6da6b-a5f4-4f0d-b4d9-528a106da23f fwd="161.18.203.126" dyno= connect= service= status=503 bytes=
2015-06-15T14:29:29.899971+00:00 heroku[router]: at=error code=H10 desc="App crashed" method=GET path="/favicon.ico" host=quizesdificiles2015.herokuapp.com request_id=aad2372e-e640-4c31-bca4-63033ec52eda fwd="161.18.203.126" dyno= connect= service= status=503 bytes=
